{"/home/bjhaid/Store-Manager/_build/index.js":{"path":"/home/bjhaid/Store-Manager/_build/index.js","s":{"1":1,"2":1,"3":1,"4":1,"5":1,"6":1,"7":1,"8":1,"9":3,"10":1,"11":1,"12":1,"13":1,"14":1,"15":0,"16":1,"17":1,"18":1,"19":1},"b":{"1":[2,1],"2":[3,3],"3":[1,1]},"f":{"1":3,"2":0,"3":1},"fnMap":{"1":{"name":"_interopRequireDefault","line":19,"loc":{"start":{"line":19,"column":0},"end":{"line":19,"column":37}}},"2":{"name":"(anonymous_2)","line":26,"loc":{"start":{"line":26,"column":19},"end":{"line":26,"column":39}}},"3":{"name":"(anonymous_3)","line":30,"loc":{"start":{"line":30,"column":30},"end":{"line":30,"column":42}}}},"statementMap":{"1":{"start":{"line":3,"column":0},"end":{"line":5,"column":3}},"2":{"start":{"line":7,"column":0},"end":{"line":7,"column":34}},"3":{"start":{"line":9,"column":0},"end":{"line":9,"column":49}},"4":{"start":{"line":11,"column":0},"end":{"line":11,"column":63}},"5":{"start":{"line":13,"column":0},"end":{"line":13,"column":61}},"6":{"start":{"line":15,"column":0},"end":{"line":15,"column":57}},"7":{"start":{"line":17,"column":0},"end":{"line":17,"column":55}},"8":{"start":{"line":19,"column":0},"end":{"line":19,"column":95}},"9":{"start":{"line":19,"column":39},"end":{"line":19,"column":93}},"10":{"start":{"line":21,"column":0},"end":{"line":21,"column":35}},"11":{"start":{"line":22,"column":0},"end":{"line":22,"column":34}},"12":{"start":{"line":23,"column":0},"end":{"line":23,"column":53}},"13":{"start":{"line":24,"column":0},"end":{"line":24,"column":47}},"14":{"start":{"line":26,"column":0},"end":{"line":28,"column":3}},"15":{"start":{"line":27,"column":2},"end":{"line":27,"column":52}},"16":{"start":{"line":29,"column":0},"end":{"line":29,"column":36}},"17":{"start":{"line":30,"column":0},"end":{"line":32,"column":3}},"18":{"start":{"line":31,"column":2},"end":{"line":31,"column":53}},"19":{"start":{"line":33,"column":0},"end":{"line":33,"column":25}}},"branchMap":{"1":{"line":19,"type":"cond-expr","locations":[{"start":{"line":19,"column":70},"end":{"line":19,"column":73}},{"start":{"line":19,"column":76},"end":{"line":19,"column":92}}]},"2":{"line":19,"type":"binary-expr","locations":[{"start":{"line":19,"column":46},"end":{"line":19,"column":49}},{"start":{"line":19,"column":53},"end":{"line":19,"column":67}}]},"3":{"line":29,"type":"binary-expr","locations":[{"start":{"line":29,"column":11},"end":{"line":29,"column":27}},{"start":{"line":29,"column":31},"end":{"line":29,"column":35}}]}}},"/home/bjhaid/Store-Manager/_build/server/routes/product-routes.js":{"path":"/home/bjhaid/Store-Manager/_build/server/routes/product-routes.js","s":{"1":1,"2":1,"3":1,"4":1,"5":1,"6":1,"7":2,"8":1,"9":1,"10":1,"11":1,"12":1},"b":{"1":[1,1],"2":[2,2]},"f":{"1":2},"fnMap":{"1":{"name":"_interopRequireDefault","line":15,"loc":{"start":{"line":15,"column":0},"end":{"line":15,"column":37}}}},"statementMap":{"1":{"start":{"line":3,"column":0},"end":{"line":5,"column":3}},"2":{"start":{"line":7,"column":0},"end":{"line":7,"column":34}},"3":{"start":{"line":9,"column":0},"end":{"line":9,"column":49}},"4":{"start":{"line":11,"column":0},"end":{"line":11,"column":52}},"5":{"start":{"line":13,"column":0},"end":{"line":13,"column":49}},"6":{"start":{"line":15,"column":0},"end":{"line":15,"column":95}},"7":{"start":{"line":15,"column":39},"end":{"line":15,"column":93}},"8":{"start":{"line":17,"column":0},"end":{"line":17,"column":40}},"9":{"start":{"line":18,"column":0},"end":{"line":18,"column":42}},"10":{"start":{"line":19,"column":0},"end":{"line":19,"column":45}},"11":{"start":{"line":20,"column":0},"end":{"line":20,"column":43}},"12":{"start":{"line":22,"column":0},"end":{"line":22,"column":25}}},"branchMap":{"1":{"line":15,"type":"cond-expr","locations":[{"start":{"line":15,"column":70},"end":{"line":15,"column":73}},{"start":{"line":15,"column":76},"end":{"line":15,"column":92}}]},"2":{"line":15,"type":"binary-expr","locations":[{"start":{"line":15,"column":46},"end":{"line":15,"column":49}},{"start":{"line":15,"column":53},"end":{"line":15,"column":67}}]}}},"/home/bjhaid/Store-Manager/_build/server/src/controller/Product.js":{"path":"/home/bjhaid/Store-Manager/_build/server/src/controller/Product.js","s":{"1":1,"2":1,"3":1,"4":1,"5":1,"6":1,"7":2,"8":1,"9":2,"10":2,"11":1,"12":1,"13":1,"14":2,"15":2,"16":2,"17":1,"18":1,"19":2,"20":2,"21":2,"22":2,"23":0,"24":0,"25":1},"b":{"1":[1,1],"2":[2,2],"3":[1,1],"4":[2,0]},"f":{"1":2,"2":2,"3":1,"4":2,"5":2},"fnMap":{"1":{"name":"_interopRequireDefault","line":15,"loc":{"start":{"line":15,"column":0},"end":{"line":15,"column":37}}},"2":{"name":"validate","line":17,"loc":{"start":{"line":17,"column":0},"end":{"line":17,"column":27}}},"3":{"name":"getAll","line":26,"loc":{"start":{"line":26,"column":10},"end":{"line":26,"column":36}}},"4":{"name":"getOne","line":30,"loc":{"start":{"line":30,"column":10},"end":{"line":30,"column":36}}},"5":{"name":"create","line":39,"loc":{"start":{"line":39,"column":10},"end":{"line":39,"column":36}}}},"statementMap":{"1":{"start":{"line":3,"column":0},"end":{"line":5,"column":3}},"2":{"start":{"line":7,"column":0},"end":{"line":7,"column":26}},"3":{"start":{"line":9,"column":0},"end":{"line":9,"column":41}},"4":{"start":{"line":11,"column":0},"end":{"line":11,"column":44}},"5":{"start":{"line":13,"column":0},"end":{"line":13,"column":49}},"6":{"start":{"line":15,"column":0},"end":{"line":15,"column":95}},"7":{"start":{"line":15,"column":39},"end":{"line":15,"column":93}},"8":{"start":{"line":17,"column":0},"end":{"line":24,"column":1}},"9":{"start":{"line":18,"column":2},"end":{"line":22,"column":4}},"10":{"start":{"line":23,"column":2},"end":{"line":23,"column":49}},"11":{"start":{"line":25,"column":0},"end":{"line":50,"column":2}},"12":{"start":{"line":27,"column":4},"end":{"line":27,"column":47}},"13":{"start":{"line":28,"column":4},"end":{"line":28,"column":30}},"14":{"start":{"line":31,"column":4},"end":{"line":31,"column":27}},"15":{"start":{"line":33,"column":4},"end":{"line":33,"column":48}},"16":{"start":{"line":34,"column":4},"end":{"line":36,"column":5}},"17":{"start":{"line":35,"column":6},"end":{"line":35,"column":68}},"18":{"start":{"line":37,"column":4},"end":{"line":37,"column":29}},"19":{"start":{"line":40,"column":4},"end":{"line":41,"column":32}},"20":{"start":{"line":43,"column":4},"end":{"line":46,"column":5}},"21":{"start":{"line":44,"column":6},"end":{"line":44,"column":53}},"22":{"start":{"line":45,"column":6},"end":{"line":45,"column":13}},"23":{"start":{"line":47,"column":4},"end":{"line":47,"column":53}},"24":{"start":{"line":48,"column":4},"end":{"line":48,"column":34}},"25":{"start":{"line":51,"column":0},"end":{"line":51,"column":26}}},"branchMap":{"1":{"line":15,"type":"cond-expr","locations":[{"start":{"line":15,"column":70},"end":{"line":15,"column":73}},{"start":{"line":15,"column":76},"end":{"line":15,"column":92}}]},"2":{"line":15,"type":"binary-expr","locations":[{"start":{"line":15,"column":46},"end":{"line":15,"column":49}},{"start":{"line":15,"column":53},"end":{"line":15,"column":67}}]},"3":{"line":34,"type":"if","locations":[{"start":{"line":34,"column":4},"end":{"line":34,"column":4}},{"start":{"line":34,"column":4},"end":{"line":34,"column":4}}]},"4":{"line":43,"type":"if","locations":[{"start":{"line":43,"column":4},"end":{"line":43,"column":4}},{"start":{"line":43,"column":4},"end":{"line":43,"column":4}}]}}},"/home/bjhaid/Store-Manager/_build/server/src/models/Product.js":{"path":"/home/bjhaid/Store-Manager/_build/server/src/models/Product.js","s":{"1":1,"2":1,"3":1,"4":1,"5":3,"6":3,"7":3,"8":3,"9":3,"10":3,"11":1,"12":1,"13":1,"14":1,"15":0,"16":1,"17":1,"18":1,"19":0,"20":1,"21":1,"22":1,"23":1,"24":1,"25":1,"26":2,"27":3,"28":0,"29":0,"30":0,"31":0,"32":1,"33":1},"b":{"1":[3,3],"2":[3,0],"3":[1,0],"4":[0,1],"5":[0,1]},"f":{"1":1,"2":1,"3":1,"4":1,"5":1,"6":1,"7":1,"8":2,"9":3,"10":0},"fnMap":{"1":{"name":"(anonymous_1)","line":7,"loc":{"start":{"line":7,"column":19},"end":{"line":7,"column":31}}},"2":{"name":"defineProperties","line":7,"loc":{"start":{"line":7,"column":33},"end":{"line":7,"column":74}}},"3":{"name":"(anonymous_3)","line":7,"loc":{"start":{"line":7,"column":357},"end":{"line":7,"column":405}}},"4":{"name":"_classCallCheck","line":9,"loc":{"start":{"line":9,"column":0},"end":{"line":9,"column":48}}},"5":{"name":"(anonymous_5)","line":11,"loc":{"start":{"line":11,"column":14},"end":{"line":11,"column":26}}},"6":{"name":"Product","line":12,"loc":{"start":{"line":12,"column":2},"end":{"line":12,"column":21}}},"7":{"name":"findAll","line":30,"loc":{"start":{"line":30,"column":11},"end":{"line":30,"column":30}}},"8":{"name":"findOne","line":35,"loc":{"start":{"line":35,"column":11},"end":{"line":35,"column":32}}},"9":{"name":"(anonymous_9)","line":36,"loc":{"start":{"line":36,"column":32},"end":{"line":36,"column":51}}},"10":{"name":"create","line":42,"loc":{"start":{"line":42,"column":11},"end":{"line":42,"column":33}}}},"statementMap":{"1":{"start":{"line":3,"column":0},"end":{"line":5,"column":3}},"2":{"start":{"line":7,"column":0},"end":{"line":7,"column":564}},"3":{"start":{"line":7,"column":33},"end":{"line":7,"column":349}},"4":{"start":{"line":7,"column":76},"end":{"line":7,"column":347}},"5":{"start":{"line":7,"column":117},"end":{"line":7,"column":143}},"6":{"start":{"line":7,"column":144},"end":{"line":7,"column":199}},"7":{"start":{"line":7,"column":200},"end":{"line":7,"column":231}},"8":{"start":{"line":7,"column":232},"end":{"line":7,"column":286}},"9":{"start":{"line":7,"column":259},"end":{"line":7,"column":286}},"10":{"start":{"line":7,"column":287},"end":{"line":7,"column":345}},"11":{"start":{"line":7,"column":350},"end":{"line":7,"column":559}},"12":{"start":{"line":7,"column":407},"end":{"line":7,"column":475}},"13":{"start":{"line":7,"column":423},"end":{"line":7,"column":475}},"14":{"start":{"line":7,"column":476},"end":{"line":7,"column":536}},"15":{"start":{"line":7,"column":493},"end":{"line":7,"column":536}},"16":{"start":{"line":7,"column":537},"end":{"line":7,"column":556}},"17":{"start":{"line":9,"column":0},"end":{"line":9,"column":153}},"18":{"start":{"line":9,"column":50},"end":{"line":9,"column":151}},"19":{"start":{"line":9,"column":92},"end":{"line":9,"column":149}},"20":{"start":{"line":11,"column":0},"end":{"line":56,"column":4}},"21":{"start":{"line":12,"column":2},"end":{"line":26,"column":3}},"22":{"start":{"line":13,"column":4},"end":{"line":13,"column":35}},"23":{"start":{"line":15,"column":4},"end":{"line":25,"column":7}},"24":{"start":{"line":28,"column":2},"end":{"line":53,"column":6}},"25":{"start":{"line":31,"column":6},"end":{"line":31,"column":27}},"26":{"start":{"line":36,"column":6},"end":{"line":38,"column":9}},"27":{"start":{"line":37,"column":8},"end":{"line":37,"column":41}},"28":{"start":{"line":43,"column":6},"end":{"line":45,"column":57}},"29":{"start":{"line":47,"column":6},"end":{"line":49,"column":8}},"30":{"start":{"line":50,"column":6},"end":{"line":50,"column":37}},"31":{"start":{"line":51,"column":6},"end":{"line":51,"column":24}},"32":{"start":{"line":55,"column":2},"end":{"line":55,"column":17}},"33":{"start":{"line":58,"column":0},"end":{"line":58,"column":32}}},"branchMap":{"1":{"line":7,"type":"binary-expr","locations":[{"start":{"line":7,"column":168},"end":{"line":7,"column":189}},{"start":{"line":7,"column":193},"end":{"line":7,"column":198}}]},"2":{"line":7,"type":"if","locations":[{"start":{"line":7,"column":232},"end":{"line":7,"column":232}},{"start":{"line":7,"column":232},"end":{"line":7,"column":232}}]},"3":{"line":7,"type":"if","locations":[{"start":{"line":7,"column":407},"end":{"line":7,"column":407}},{"start":{"line":7,"column":407},"end":{"line":7,"column":407}}]},"4":{"line":7,"type":"if","locations":[{"start":{"line":7,"column":476},"end":{"line":7,"column":476}},{"start":{"line":7,"column":476},"end":{"line":7,"column":476}}]},"5":{"line":9,"type":"if","locations":[{"start":{"line":9,"column":50},"end":{"line":9,"column":50}},{"start":{"line":9,"column":50},"end":{"line":9,"column":50}}]}}},"/home/bjhaid/Store-Manager/_build/server/routes/sale-routes.js":{"path":"/home/bjhaid/Store-Manager/_build/server/routes/sale-routes.js","s":{"1":1,"2":1,"3":1,"4":1,"5":1,"6":1,"7":2,"8":1,"9":1,"10":1,"11":1,"12":1},"b":{"1":[1,1],"2":[2,2]},"f":{"1":2},"fnMap":{"1":{"name":"_interopRequireDefault","line":15,"loc":{"start":{"line":15,"column":0},"end":{"line":15,"column":37}}}},"statementMap":{"1":{"start":{"line":3,"column":0},"end":{"line":5,"column":3}},"2":{"start":{"line":7,"column":0},"end":{"line":7,"column":34}},"3":{"start":{"line":9,"column":0},"end":{"line":9,"column":49}},"4":{"start":{"line":11,"column":0},"end":{"line":11,"column":46}},"5":{"start":{"line":13,"column":0},"end":{"line":13,"column":43}},"6":{"start":{"line":15,"column":0},"end":{"line":15,"column":95}},"7":{"start":{"line":15,"column":39},"end":{"line":15,"column":93}},"8":{"start":{"line":17,"column":0},"end":{"line":17,"column":40}},"9":{"start":{"line":19,"column":0},"end":{"line":19,"column":39}},"10":{"start":{"line":20,"column":0},"end":{"line":20,"column":42}},"11":{"start":{"line":21,"column":0},"end":{"line":21,"column":40}},"12":{"start":{"line":22,"column":0},"end":{"line":22,"column":25}}},"branchMap":{"1":{"line":15,"type":"cond-expr","locations":[{"start":{"line":15,"column":70},"end":{"line":15,"column":73}},{"start":{"line":15,"column":76},"end":{"line":15,"column":92}}]},"2":{"line":15,"type":"binary-expr","locations":[{"start":{"line":15,"column":46},"end":{"line":15,"column":49}},{"start":{"line":15,"column":53},"end":{"line":15,"column":67}}]}}},"/home/bjhaid/Store-Manager/_build/server/src/controller/Sale.js":{"path":"/home/bjhaid/Store-Manager/_build/server/src/controller/Sale.js","s":{"1":1,"2":1,"3":1,"4":1,"5":1,"6":1,"7":2,"8":1,"9":2,"10":2,"11":1,"12":1,"13":1,"14":2,"15":2,"16":2,"17":1,"18":1,"19":2,"20":2,"21":2,"22":2,"23":0,"24":0,"25":1},"b":{"1":[1,1],"2":[2,2],"3":[1,1],"4":[2,0]},"f":{"1":2,"2":2,"3":1,"4":2,"5":2},"fnMap":{"1":{"name":"_interopRequireDefault","line":15,"loc":{"start":{"line":15,"column":0},"end":{"line":15,"column":37}}},"2":{"name":"validate","line":17,"loc":{"start":{"line":17,"column":0},"end":{"line":17,"column":24}}},"3":{"name":"getAll","line":25,"loc":{"start":{"line":25,"column":10},"end":{"line":25,"column":36}}},"4":{"name":"getOne","line":29,"loc":{"start":{"line":29,"column":10},"end":{"line":29,"column":36}}},"5":{"name":"create","line":38,"loc":{"start":{"line":38,"column":10},"end":{"line":38,"column":36}}}},"statementMap":{"1":{"start":{"line":3,"column":0},"end":{"line":5,"column":3}},"2":{"start":{"line":7,"column":0},"end":{"line":7,"column":26}},"3":{"start":{"line":9,"column":0},"end":{"line":9,"column":41}},"4":{"start":{"line":11,"column":0},"end":{"line":11,"column":38}},"5":{"start":{"line":13,"column":0},"end":{"line":13,"column":43}},"6":{"start":{"line":15,"column":0},"end":{"line":15,"column":95}},"7":{"start":{"line":15,"column":39},"end":{"line":15,"column":93}},"8":{"start":{"line":17,"column":0},"end":{"line":23,"column":1}},"9":{"start":{"line":18,"column":2},"end":{"line":21,"column":4}},"10":{"start":{"line":22,"column":2},"end":{"line":22,"column":46}},"11":{"start":{"line":24,"column":0},"end":{"line":49,"column":2}},"12":{"start":{"line":26,"column":4},"end":{"line":26,"column":41}},"13":{"start":{"line":27,"column":4},"end":{"line":27,"column":27}},"14":{"start":{"line":30,"column":4},"end":{"line":30,"column":27}},"15":{"start":{"line":32,"column":4},"end":{"line":32,"column":42}},"16":{"start":{"line":33,"column":4},"end":{"line":35,"column":5}},"17":{"start":{"line":34,"column":6},"end":{"line":34,"column":65}},"18":{"start":{"line":36,"column":4},"end":{"line":36,"column":26}},"19":{"start":{"line":39,"column":4},"end":{"line":40,"column":32}},"20":{"start":{"line":42,"column":4},"end":{"line":45,"column":5}},"21":{"start":{"line":43,"column":6},"end":{"line":43,"column":53}},"22":{"start":{"line":44,"column":6},"end":{"line":44,"column":13}},"23":{"start":{"line":46,"column":4},"end":{"line":46,"column":47}},"24":{"start":{"line":47,"column":4},"end":{"line":47,"column":31}},"25":{"start":{"line":50,"column":0},"end":{"line":50,"column":23}}},"branchMap":{"1":{"line":15,"type":"cond-expr","locations":[{"start":{"line":15,"column":70},"end":{"line":15,"column":73}},{"start":{"line":15,"column":76},"end":{"line":15,"column":92}}]},"2":{"line":15,"type":"binary-expr","locations":[{"start":{"line":15,"column":46},"end":{"line":15,"column":49}},{"start":{"line":15,"column":53},"end":{"line":15,"column":67}}]},"3":{"line":33,"type":"if","locations":[{"start":{"line":33,"column":4},"end":{"line":33,"column":4}},{"start":{"line":33,"column":4},"end":{"line":33,"column":4}}]},"4":{"line":42,"type":"if","locations":[{"start":{"line":42,"column":4},"end":{"line":42,"column":4}},{"start":{"line":42,"column":4},"end":{"line":42,"column":4}}]}}},"/home/bjhaid/Store-Manager/_build/server/src/models/Sale.js":{"path":"/home/bjhaid/Store-Manager/_build/server/src/models/Sale.js","s":{"1":1,"2":1,"3":1,"4":1,"5":3,"6":3,"7":3,"8":3,"9":3,"10":3,"11":1,"12":1,"13":1,"14":1,"15":0,"16":1,"17":1,"18":1,"19":0,"20":1,"21":1,"22":1,"23":1,"24":1,"25":1,"26":2,"27":2,"28":0,"29":0,"30":0,"31":0,"32":1,"33":1},"b":{"1":[3,3],"2":[3,0],"3":[1,0],"4":[0,1],"5":[0,1]},"f":{"1":1,"2":1,"3":1,"4":1,"5":1,"6":1,"7":1,"8":2,"9":2,"10":0},"fnMap":{"1":{"name":"(anonymous_1)","line":7,"loc":{"start":{"line":7,"column":19},"end":{"line":7,"column":31}}},"2":{"name":"defineProperties","line":7,"loc":{"start":{"line":7,"column":33},"end":{"line":7,"column":74}}},"3":{"name":"(anonymous_3)","line":7,"loc":{"start":{"line":7,"column":357},"end":{"line":7,"column":405}}},"4":{"name":"_classCallCheck","line":9,"loc":{"start":{"line":9,"column":0},"end":{"line":9,"column":48}}},"5":{"name":"(anonymous_5)","line":11,"loc":{"start":{"line":11,"column":11},"end":{"line":11,"column":23}}},"6":{"name":"Sale","line":12,"loc":{"start":{"line":12,"column":2},"end":{"line":12,"column":18}}},"7":{"name":"findAll","line":24,"loc":{"start":{"line":24,"column":11},"end":{"line":24,"column":30}}},"8":{"name":"findOne","line":29,"loc":{"start":{"line":29,"column":11},"end":{"line":29,"column":32}}},"9":{"name":"(anonymous_9)","line":30,"loc":{"start":{"line":30,"column":29},"end":{"line":30,"column":45}}},"10":{"name":"create","line":36,"loc":{"start":{"line":36,"column":11},"end":{"line":36,"column":33}}}},"statementMap":{"1":{"start":{"line":3,"column":0},"end":{"line":5,"column":3}},"2":{"start":{"line":7,"column":0},"end":{"line":7,"column":564}},"3":{"start":{"line":7,"column":33},"end":{"line":7,"column":349}},"4":{"start":{"line":7,"column":76},"end":{"line":7,"column":347}},"5":{"start":{"line":7,"column":117},"end":{"line":7,"column":143}},"6":{"start":{"line":7,"column":144},"end":{"line":7,"column":199}},"7":{"start":{"line":7,"column":200},"end":{"line":7,"column":231}},"8":{"start":{"line":7,"column":232},"end":{"line":7,"column":286}},"9":{"start":{"line":7,"column":259},"end":{"line":7,"column":286}},"10":{"start":{"line":7,"column":287},"end":{"line":7,"column":345}},"11":{"start":{"line":7,"column":350},"end":{"line":7,"column":559}},"12":{"start":{"line":7,"column":407},"end":{"line":7,"column":475}},"13":{"start":{"line":7,"column":423},"end":{"line":7,"column":475}},"14":{"start":{"line":7,"column":476},"end":{"line":7,"column":536}},"15":{"start":{"line":7,"column":493},"end":{"line":7,"column":536}},"16":{"start":{"line":7,"column":537},"end":{"line":7,"column":556}},"17":{"start":{"line":9,"column":0},"end":{"line":9,"column":153}},"18":{"start":{"line":9,"column":50},"end":{"line":9,"column":151}},"19":{"start":{"line":9,"column":92},"end":{"line":9,"column":149}},"20":{"start":{"line":11,"column":0},"end":{"line":49,"column":4}},"21":{"start":{"line":12,"column":2},"end":{"line":20,"column":3}},"22":{"start":{"line":13,"column":4},"end":{"line":13,"column":32}},"23":{"start":{"line":15,"column":4},"end":{"line":19,"column":7}},"24":{"start":{"line":22,"column":2},"end":{"line":46,"column":6}},"25":{"start":{"line":25,"column":6},"end":{"line":25,"column":24}},"26":{"start":{"line":30,"column":6},"end":{"line":32,"column":9}},"27":{"start":{"line":31,"column":8},"end":{"line":31,"column":38}},"28":{"start":{"line":37,"column":6},"end":{"line":38,"column":43}},"29":{"start":{"line":40,"column":6},"end":{"line":42,"column":8}},"30":{"start":{"line":43,"column":6},"end":{"line":43,"column":31}},"31":{"start":{"line":44,"column":6},"end":{"line":44,"column":21}},"32":{"start":{"line":48,"column":2},"end":{"line":48,"column":14}},"33":{"start":{"line":51,"column":0},"end":{"line":51,"column":29}}},"branchMap":{"1":{"line":7,"type":"binary-expr","locations":[{"start":{"line":7,"column":168},"end":{"line":7,"column":189}},{"start":{"line":7,"column":193},"end":{"line":7,"column":198}}]},"2":{"line":7,"type":"if","locations":[{"start":{"line":7,"column":232},"end":{"line":7,"column":232}},{"start":{"line":7,"column":232},"end":{"line":7,"column":232}}]},"3":{"line":7,"type":"if","locations":[{"start":{"line":7,"column":407},"end":{"line":7,"column":407}},{"start":{"line":7,"column":407},"end":{"line":7,"column":407}}]},"4":{"line":7,"type":"if","locations":[{"start":{"line":7,"column":476},"end":{"line":7,"column":476}},{"start":{"line":7,"column":476},"end":{"line":7,"column":476}}]},"5":{"line":9,"type":"if","locations":[{"start":{"line":9,"column":50},"end":{"line":9,"column":50}},{"start":{"line":9,"column":50},"end":{"line":9,"column":50}}]}}}}