TN:
SF:/home/bjhaid/Store-Manager/_build/index.js
FN:19,_interopRequireDefault
FN:26,(anonymous_2)
FN:30,(anonymous_3)
FNF:3
FNH:2
FNDA:3,_interopRequireDefault
FNDA:0,(anonymous_2)
FNDA:1,(anonymous_3)
DA:3,1
DA:7,1
DA:9,1
DA:11,1
DA:13,1
DA:15,1
DA:17,1
DA:19,3
DA:21,1
DA:22,1
DA:23,1
DA:24,1
DA:26,1
DA:27,0
DA:29,1
DA:30,1
DA:31,1
DA:33,1
LF:18
LH:17
BRDA:19,1,0,2
BRDA:19,1,1,1
BRDA:19,2,0,3
BRDA:19,2,1,3
BRDA:29,3,0,1
BRDA:29,3,1,1
BRF:6
BRH:6
end_of_record
TN:
SF:/home/bjhaid/Store-Manager/_build/server/routes/product-routes.js
FN:15,_interopRequireDefault
FNF:1
FNH:1
FNDA:2,_interopRequireDefault
DA:3,1
DA:7,1
DA:9,1
DA:11,1
DA:13,1
DA:15,2
DA:17,1
DA:18,1
DA:19,1
DA:20,1
DA:22,1
LF:11
LH:11
BRDA:15,1,0,1
BRDA:15,1,1,1
BRDA:15,2,0,2
BRDA:15,2,1,2
BRF:4
BRH:4
end_of_record
TN:
SF:/home/bjhaid/Store-Manager/_build/server/src/controller/Product.js
FN:15,_interopRequireDefault
FN:17,validate
FN:26,getAll
FN:30,getOne
FN:39,create
FNF:5
FNH:5
FNDA:2,_interopRequireDefault
FNDA:2,validate
FNDA:1,getAll
FNDA:2,getOne
FNDA:2,create
DA:3,1
DA:7,1
DA:9,1
DA:11,1
DA:13,1
DA:15,2
DA:17,1
DA:18,2
DA:23,2
DA:25,1
DA:27,1
DA:28,1
DA:31,2
DA:33,2
DA:34,2
DA:35,1
DA:37,1
DA:40,2
DA:43,2
DA:44,2
DA:45,2
DA:47,0
DA:48,0
DA:51,1
LF:24
LH:22
BRDA:15,1,0,1
BRDA:15,1,1,1
BRDA:15,2,0,2
BRDA:15,2,1,2
BRDA:34,3,0,1
BRDA:34,3,1,1
BRDA:43,4,0,2
BRDA:43,4,1,0
BRF:8
BRH:7
end_of_record
TN:
SF:/home/bjhaid/Store-Manager/_build/server/src/models/Product.js
FN:7,(anonymous_1)
FN:7,defineProperties
FN:7,(anonymous_3)
FN:9,_classCallCheck
FN:11,(anonymous_5)
FN:12,Product
FN:30,findAll
FN:35,findOne
FN:36,(anonymous_9)
FN:42,create
FNF:10
FNH:9
FNDA:1,(anonymous_1)
FNDA:1,defineProperties
FNDA:1,(anonymous_3)
FNDA:1,_classCallCheck
FNDA:1,(anonymous_5)
FNDA:1,Product
FNDA:1,findAll
FNDA:2,findOne
FNDA:3,(anonymous_9)
FNDA:0,create
DA:3,1
DA:7,3
DA:9,1
DA:11,1
DA:12,1
DA:13,1
DA:15,1
DA:28,1
DA:31,1
DA:36,2
DA:37,3
DA:43,0
DA:47,0
DA:50,0
DA:51,0
DA:55,1
DA:58,1
LF:17
LH:13
BRDA:7,1,0,3
BRDA:7,1,1,3
BRDA:7,2,0,3
BRDA:7,2,1,0
BRDA:7,3,0,1
BRDA:7,3,1,0
BRDA:7,4,0,0
BRDA:7,4,1,1
BRDA:9,5,0,0
BRDA:9,5,1,1
BRF:10
BRH:6
end_of_record
TN:
SF:/home/bjhaid/Store-Manager/_build/server/routes/sale-routes.js
FN:15,_interopRequireDefault
FNF:1
FNH:1
FNDA:2,_interopRequireDefault
DA:3,1
DA:7,1
DA:9,1
DA:11,1
DA:13,1
DA:15,2
DA:17,1
DA:19,1
DA:20,1
DA:21,1
DA:22,1
LF:11
LH:11
BRDA:15,1,0,1
BRDA:15,1,1,1
BRDA:15,2,0,2
BRDA:15,2,1,2
BRF:4
BRH:4
end_of_record
TN:
SF:/home/bjhaid/Store-Manager/_build/server/src/controller/Sale.js
FN:15,_interopRequireDefault
FN:17,validate
FN:25,getAll
FN:29,getOne
FN:38,create
FNF:5
FNH:5
FNDA:2,_interopRequireDefault
FNDA:2,validate
FNDA:1,getAll
FNDA:2,getOne
FNDA:2,create
DA:3,1
DA:7,1
DA:9,1
DA:11,1
DA:13,1
DA:15,2
DA:17,1
DA:18,2
DA:22,2
DA:24,1
DA:26,1
DA:27,1
DA:30,2
DA:32,2
DA:33,2
DA:34,1
DA:36,1
DA:39,2
DA:42,2
DA:43,2
DA:44,2
DA:46,0
DA:47,0
DA:50,1
LF:24
LH:22
BRDA:15,1,0,1
BRDA:15,1,1,1
BRDA:15,2,0,2
BRDA:15,2,1,2
BRDA:33,3,0,1
BRDA:33,3,1,1
BRDA:42,4,0,2
BRDA:42,4,1,0
BRF:8
BRH:7
end_of_record
TN:
SF:/home/bjhaid/Store-Manager/_build/server/src/models/Sale.js
FN:7,(anonymous_1)
FN:7,defineProperties
FN:7,(anonymous_3)
FN:9,_classCallCheck
FN:11,(anonymous_5)
FN:12,Sale
FN:24,findAll
FN:29,findOne
FN:30,(anonymous_9)
FN:36,create
FNF:10
FNH:9
FNDA:1,(anonymous_1)
FNDA:1,defineProperties
FNDA:1,(anonymous_3)
FNDA:1,_classCallCheck
FNDA:1,(anonymous_5)
FNDA:1,Sale
FNDA:1,findAll
FNDA:2,findOne
FNDA:2,(anonymous_9)
FNDA:0,create
DA:3,1
DA:7,3
DA:9,1
DA:11,1
DA:12,1
DA:13,1
DA:15,1
DA:22,1
DA:25,1
DA:30,2
DA:31,2
DA:37,0
DA:40,0
DA:43,0
DA:44,0
DA:48,1
DA:51,1
LF:17
LH:13
BRDA:7,1,0,3
BRDA:7,1,1,3
BRDA:7,2,0,3
BRDA:7,2,1,0
BRDA:7,3,0,1
BRDA:7,3,1,0
BRDA:7,4,0,0
BRDA:7,4,1,1
BRDA:9,5,0,0
BRDA:9,5,1,1
BRF:10
BRH:6
end_of_record
